<?xml version="1.0" encoding="UTF-8"?>
<testng-results ignored="0" total="1" passed="1" failed="0" skipped="0">
  <reporter-output>
  </reporter-output>
  <suite started-at="2022-03-08T05:18:52Z" name="Default suite" finished-at="2022-03-08T05:18:56Z" duration-ms="4188">
    <groups>
    </groups>
    <test started-at="2022-03-08T05:18:52Z" name="Default test" finished-at="2022-03-08T05:18:56Z" duration-ms="4188">
      <class name="SPEC.RunTestCase">
        <test-method signature="verify_application_launched()[pri:0, instance:SPEC.RunTestCase@302f7971]" started-at="2022-03-08T05:18:52Z" name="verify_application_launched" finished-at="2022-03-08T05:18:56Z" duration-ms="4165" status="PASS">
          <reporter-output>
          </reporter-output>
        </test-method> <!-- verify_application_launched -->
      </class> <!-- SPEC.RunTestCase -->
    </test> <!-- Default test -->
  </suite> <!-- Default suite -->
</testng-results>
